This is METAFONT, Version 2.71828182 (preloaded base=mf 2021.7.8)  8 SEP 2021 13:53
**ft_strdup.c ft_strdup.c.off
(ft_strdup.c
>> /* *************************************************************************
* */ /* */ /*::: ::::::::*/ /*ft_strdup.c
! Isolated expression.
<to be read again> 
                   :
l.4 ....c                                        :
                                                  +:      :+:    :+:   */
? 
! Extra tokens will be flushed.
<to be read again> 
                   :
l.4 ....c                                        :
                                                  +:      :+:    :+:   */
? 
! Emergency stop.
<to be read again> 
                   :
l.4 ....c                                        :
                                                  +:      :+:    :+:   */
End of file on the terminal!


